# JRE version: OpenJDK Runtime Environment Temurin-17.0.17+10 (17.0.17+10) (build 17.0.17+10)
# Java VM: OpenJDK 64-Bit Server VM Temurin-17.0.17+10 (17.0.17+10, mixed mode, emulated-client, sharing, tiered, compressed oops, compressed class ptrs, g1 gc, windows-amd64)
GC Precious Log:
 CPUs: 8 total, 8 available
 Memory: 16057M
 Large Page Support: Disabled
 NUMA Support: Disabled
 Compressed Oops: Enabled (Zero based)
 Heap Region Size: 2M
 Heap Min Capacity: 8M
 Heap Initial Capacity: 252M
 Heap Max Capacity: 4016M
 Pre-touch: Disabled
 Parallel Workers: 8
 Concurrent Workers: 2
 Concurrent Refinement Workers: 8
 Periodic GC: Disabled
Heap:
 garbage-first heap   total 133120K, used 67530K [0x0000000705000000, 0x0000000800000000)
  region size 2048K, 1 young (2048K), 1 survivors (2048K)
 Metaspace       used 105813K, committed 106624K, reserved 1179648K
  class space    used 15296K, committed 15680K, reserved 1048576K
GC Heap History (20 events):
Event: 15.807 GC heap after
{Heap after GC invocations=19 (full 0):
 garbage-first heap   total 133120K, used 43969K [0x0000000705000000, 0x0000000800000000)
  region size 2048K, 4 young (8192K), 4 survivors (8192K)
 Metaspace       used 79478K, committed 80192K, reserved 1179648K
  class space    used 11434K, committed 11776K, reserved 1048576K
}
Event: 16.826 GC heap before
{Heap before GC invocations=19 (full 0):
 garbage-first heap   total 133120K, used 105409K [0x0000000705000000, 0x0000000800000000)
  region size 2048K, 34 young (69632K), 4 survivors (8192K)
 Metaspace       used 85815K, committed 86528K, reserved 1179648K
  class space    used 12586K, committed 12928K, reserved 1048576K
}
Event: 16.836 GC heap after
{Heap after GC invocations=20 (full 0):
 garbage-first heap   total 133120K, used 48211K [0x0000000705000000, 0x0000000800000000)
  region size 2048K, 4 young (8192K), 4 survivors (8192K)
 Metaspace       used 85815K, committed 86528K, reserved 1179648K
  class space    used 12586K, committed 12928K, reserved 1048576K
}
Event: 17.604 GC heap before
{Heap before GC invocations=20 (full 0):
 garbage-first heap   total 133120K, used 105555K [0x0000000705000000, 0x0000000800000000)
  region size 2048K, 32 young (65536K), 4 survivors (8192K)
 Metaspace       used 87948K, committed 88704K, reserved 1179648K
  class space    used 12879K, committed 13248K, reserved 1048576K
}
Event: 17.616 GC heap after
{Heap after GC invocations=21 (full 0):
 garbage-first heap   total 133120K, used 52344K [0x0000000705000000, 0x0000000800000000)
  region size 2048K, 3 young (6144K), 3 survivors (6144K)
 Metaspace       used 87948K, committed 88704K, reserved 1179648K
  class space    used 12879K, committed 13248K, reserved 1048576K
}
Event: 18.346 GC heap before
{Heap before GC invocations=21 (full 0):
 garbage-first heap   total 133120K, used 105592K [0x0000000705000000, 0x0000000800000000)
  region size 2048K, 29 young (59392K), 3 survivors (6144K)
 Metaspace       used 92775K, committed 93568K, reserved 1179648K
  class space    used 13532K, committed 13952K, reserved 1048576K
}
Event: 18.353 GC heap after
{Heap after GC invocations=22 (full 0):
 garbage-first heap   total 133120K, used 54636K [0x0000000705000000, 0x0000000800000000)
  region size 2048K, 4 young (8192K), 4 survivors (8192K)
 Metaspace       used 92775K, committed 93568K, reserved 1179648K
  class space    used 13532K, committed 13952K, reserved 1048576K
}
Event: 18.850 GC heap before
{Heap before GC invocations=22 (full 0):
 garbage-first heap   total 133120K, used 103788K [0x0000000705000000, 0x0000000800000000)
  region size 2048K, 29 young (59392K), 4 survivors (8192K)
 Metaspace       used 94459K, committed 95232K, reserved 1179648K
  class space    used 13745K, committed 14144K, reserved 1048576K
}
Event: 18.857 GC heap after
{Heap after GC invocations=23 (full 0):
 garbage-first heap   total 133120K, used 56624K [0x0000000705000000, 0x0000000800000000)
  region size 2048K, 3 young (6144K), 3 survivors (6144K)
 Metaspace       used 94459K, committed 95232K, reserved 1179648K
  class space    used 13745K, committed 14144K, reserved 1048576K
}
Event: 19.574 GC heap before
{Heap before GC invocations=23 (full 0):
 garbage-first heap   total 133120K, used 91440K [0x0000000705000000, 0x0000000800000000)
  region size 2048K, 21 young (43008K), 3 survivors (6144K)
 Metaspace       used 100349K, committed 101056K, reserved 1179648K
  class space    used 14419K, committed 14784K, reserved 1048576K
}
Event: 19.582 GC heap after
{Heap after GC invocations=24 (full 0):
 garbage-first heap   total 133120K, used 59763K [0x0000000705000000, 0x0000000800000000)
  region size 2048K, 3 young (6144K), 3 survivors (6144K)
 Metaspace       used 100349K, committed 101056K, reserved 1179648K
  class space    used 14419K, committed 14784K, reserved 1048576K
}
Event: 20.362 GC heap before
{Heap before GC invocations=25 (full 0):
 garbage-first heap   total 133120K, used 104819K [0x0000000705000000, 0x0000000800000000)
  region size 2048K, 25 young (51200K), 3 survivors (6144K)
 Metaspace       used 102500K, committed 103296K, reserved 1179648K
  class space    used 14776K, committed 15168K, reserved 1048576K
}
Event: 20.368 GC heap after
{Heap after GC invocations=26 (full 0):
 garbage-first heap   total 133120K, used 63248K [0x0000000705000000, 0x0000000800000000)
  region size 2048K, 4 young (8192K), 4 survivors (8192K)
 Metaspace       used 102500K, committed 103296K, reserved 1179648K
  class space    used 14776K, committed 15168K, reserved 1048576K
}
Event: 20.421 GC heap before
{Heap before GC invocations=26 (full 0):
 garbage-first heap   total 133120K, used 65296K [0x0000000705000000, 0x0000000800000000)
  region size 2048K, 5 young (10240K), 4 survivors (8192K)
 Metaspace       used 102585K, committed 103360K, reserved 1179648K
  class space    used 14790K, committed 15168K, reserved 1048576K
}
Event: 20.426 GC heap after
{Heap after GC invocations=27 (full 0):
 garbage-first heap   total 133120K, used 63515K [0x0000000705000000, 0x0000000800000000)
  region size 2048K, 1 young (2048K), 1 survivors (2048K)
 Metaspace       used 102585K, committed 103360K, reserved 1179648K
  class space    used 14790K, committed 15168K, reserved 1048576K
}
Event: 21.219 GC heap before
{Heap before GC invocations=27 (full 0):
 garbage-first heap   total 133120K, used 106523K [0x0000000705000000, 0x0000000800000000)
  region size 2048K, 22 young (45056K), 1 survivors (2048K)
 Metaspace       used 104314K, committed 105152K, reserved 1179648K
  class space    used 15078K, committed 15488K, reserved 1048576K
}
Event: 21.226 GC heap after
{Heap after GC invocations=28 (full 0):
 garbage-first heap   total 133120K, used 65595K [0x0000000705000000, 0x0000000800000000)
  region size 2048K, 2 young (4096K), 2 survivors (4096K)
 Metaspace       used 104314K, committed 105152K, reserved 1179648K
  class space    used 15078K, committed 15488K, reserved 1048576K
}
Event: 21.824 GC heap before
{Heap before GC invocations=29 (full 0):
 garbage-first heap   total 133120K, used 106555K [0x0000000705000000, 0x0000000800000000)
  region size 2048K, 22 young (45056K), 2 survivors (4096K)
 Metaspace       used 105737K, committed 106560K, reserved 1179648K
  class space    used 15279K, committed 15680K, reserved 1048576K
}
Event: 21.834 GC heap after
{Heap after GC invocations=30 (full 0):
 garbage-first heap   total 133120K, used 68006K [0x0000000705000000, 0x0000000800000000)
  region size 2048K, 3 young (6144K), 3 survivors (6144K)
 Metaspace       used 105737K, committed 106560K, reserved 1179648K
  class space    used 15279K, committed 15680K, reserved 1048576K
}
Event: 21.863 GC heap before
{Heap before GC invocations=30 (full 0):
 garbage-first heap   total 133120K, used 70054K [0x0000000705000000, 0x0000000800000000)
  region size 2048K, 4 young (8192K), 3 survivors (6144K)
 Metaspace       used 105813K, committed 106624K, reserved 1179648K
  class space    used 15296K, committed 15680K, reserved 1048576K
}

