# JRE version: OpenJDK Runtime Environment Temurin-17.0.17+10 (17.0.17+10) (build 17.0.17+10)
# Java VM: OpenJDK 64-Bit Server VM Temurin-17.0.17+10 (17.0.17+10, mixed mode, sharing, tiered, compressed oops, compressed class ptrs, g1 gc, windows-amd64)
GC Precious Log:
 CPUs: 8 total, 8 available
 Memory: 16057M
 Large Page Support: Disabled
 NUMA Support: Disabled
 Compressed Oops: Enabled (32-bit)
 Heap Region Size: 1M
 Heap Min Capacity: 256M
 Heap Initial Capacity: 256M
 Heap Max Capacity: 512M
 Pre-touch: Disabled
 Parallel Workers: 8
 Concurrent Workers: 2
 Concurrent Refinement Workers: 8
 Periodic GC: Disabled
Heap:
 garbage-first heap   total 262144K, used 136873K [0x00000000e0000000, 0x0000000100000000)
  region size 1024K, 73 young (74752K), 7 survivors (7168K)
 Metaspace       used 68145K, committed 68800K, reserved 393216K
  class space    used 9334K, committed 9600K, reserved 327680K
GC Heap History (20 events):
Event: 1.724 GC heap before
{Heap before GC invocations=1 (full 0):
 garbage-first heap   total 262144K, used 37674K [0x00000000e0000000, 0x0000000100000000)
  region size 1024K, 35 young (35840K), 2 survivors (2048K)
 Metaspace       used 4389K, committed 4608K, reserved 393216K
  class space    used 554K, committed 640K, reserved 327680K
}
Event: 1.729 GC heap after
{Heap after GC invocations=2 (full 0):
 garbage-first heap   total 262144K, used 11068K [0x00000000e0000000, 0x0000000100000000)
  region size 1024K, 5 young (5120K), 5 survivors (5120K)
 Metaspace       used 4389K, committed 4608K, reserved 393216K
  class space    used 554K, committed 640K, reserved 327680K
}
Event: 6.021 GC heap before
{Heap before GC invocations=2 (full 0):
 garbage-first heap   total 262144K, used 164668K [0x00000000e0000000, 0x0000000100000000)
  region size 1024K, 153 young (156672K), 5 survivors (5120K)
 Metaspace       used 16384K, committed 16704K, reserved 393216K
  class space    used 2310K, committed 2432K, reserved 327680K
}
Event: 6.043 GC heap after
{Heap after GC invocations=3 (full 0):
 garbage-first heap   total 262144K, used 21621K [0x00000000e0000000, 0x0000000100000000)
  region size 1024K, 15 young (15360K), 15 survivors (15360K)
 Metaspace       used 16384K, committed 16704K, reserved 393216K
  class space    used 2310K, committed 2432K, reserved 327680K
}
Event: 7.851 GC heap before
{Heap before GC invocations=3 (full 0):
 garbage-first heap   total 262144K, used 67701K [0x00000000e0000000, 0x0000000100000000)
  region size 1024K, 61 young (62464K), 15 survivors (15360K)
 Metaspace       used 21162K, committed 21504K, reserved 393216K
  class space    used 3088K, committed 3264K, reserved 327680K
}
Event: 7.862 GC heap after
{Heap after GC invocations=4 (full 0):
 garbage-first heap   total 262144K, used 24395K [0x00000000e0000000, 0x0000000100000000)
  region size 1024K, 13 young (13312K), 13 survivors (13312K)
 Metaspace       used 21162K, committed 21504K, reserved 393216K
  class space    used 3088K, committed 3264K, reserved 327680K
}
Event: 12.379 GC heap before
{Heap before GC invocations=5 (full 0):
 garbage-first heap   total 262144K, used 151371K [0x00000000e0000000, 0x0000000100000000)
  region size 1024K, 134 young (137216K), 13 survivors (13312K)
 Metaspace       used 35568K, committed 35968K, reserved 393216K
  class space    used 4934K, committed 5120K, reserved 327680K
}
Event: 12.398 GC heap after
{Heap after GC invocations=6 (full 0):
 garbage-first heap   total 262144K, used 32792K [0x00000000e0000000, 0x0000000100000000)
  region size 1024K, 12 young (12288K), 12 survivors (12288K)
 Metaspace       used 35568K, committed 35968K, reserved 393216K
  class space    used 4934K, committed 5120K, reserved 327680K
}
Event: 17.862 GC heap before
{Heap before GC invocations=7 (full 0):
 garbage-first heap   total 262144K, used 181272K [0x00000000e0000000, 0x0000000100000000)
  region size 1024K, 153 young (156672K), 12 survivors (12288K)
 Metaspace       used 50832K, committed 51392K, reserved 393216K
  class space    used 7110K, committed 7360K, reserved 327680K
}
Event: 17.888 GC heap after
{Heap after GC invocations=8 (full 0):
 garbage-first heap   total 262144K, used 42397K [0x00000000e0000000, 0x0000000100000000)
  region size 1024K, 16 young (16384K), 16 survivors (16384K)
 Metaspace       used 50832K, committed 51392K, reserved 393216K
  class space    used 7110K, committed 7360K, reserved 327680K
}
Event: 22.253 GC heap before
{Heap before GC invocations=8 (full 0):
 garbage-first heap   total 262144K, used 124317K [0x00000000e0000000, 0x0000000100000000)
  region size 1024K, 97 young (99328K), 16 survivors (16384K)
 Metaspace       used 59532K, committed 60096K, reserved 393216K
  class space    used 8303K, committed 8576K, reserved 327680K
}
Event: 22.274 GC heap after
{Heap after GC invocations=9 (full 0):
 garbage-first heap   total 262144K, used 49891K [0x00000000e0000000, 0x0000000100000000)
  region size 1024K, 16 young (16384K), 16 survivors (16384K)
 Metaspace       used 59532K, committed 60096K, reserved 393216K
  class space    used 8303K, committed 8576K, reserved 327680K
}
Event: 27.704 GC heap before
{Heap before GC invocations=10 (full 0):
 garbage-first heap   total 262144K, used 189155K [0x00000000e0000000, 0x0000000100000000)
  region size 1024K, 153 young (156672K), 16 survivors (16384K)
 Metaspace       used 64201K, committed 64896K, reserved 393216K
  class space    used 8893K, committed 9216K, reserved 327680K
}
Event: 27.734 GC heap after
{Heap after GC invocations=11 (full 0):
 garbage-first heap   total 262144K, used 59729K [0x00000000e0000000, 0x0000000100000000)
  region size 1024K, 18 young (18432K), 18 survivors (18432K)
 Metaspace       used 64201K, committed 64896K, reserved 393216K
  class space    used 8893K, committed 9216K, reserved 327680K
}
Event: 27.774 GC heap before
{Heap before GC invocations=11 (full 0):
 garbage-first heap   total 262144K, used 60753K [0x00000000e0000000, 0x0000000100000000)
  region size 1024K, 19 young (19456K), 18 survivors (18432K)
 Metaspace       used 64215K, committed 64896K, reserved 393216K
  class space    used 8893K, committed 9216K, reserved 327680K
}
Event: 27.796 GC heap after
{Heap after GC invocations=12 (full 0):
 garbage-first heap   total 262144K, used 60800K [0x00000000e0000000, 0x0000000100000000)
  region size 1024K, 3 young (3072K), 3 survivors (3072K)
 Metaspace       used 64215K, committed 64896K, reserved 393216K
  class space    used 8893K, committed 9216K, reserved 327680K
}
Event: 32.659 GC heap before
{Heap before GC invocations=12 (full 0):
 garbage-first heap   total 262144K, used 201088K [0x00000000e0000000, 0x0000000100000000)
  region size 1024K, 140 young (143360K), 3 survivors (3072K)
 Metaspace       used 65380K, committed 66048K, reserved 393216K
  class space    used 8909K, committed 9216K, reserved 327680K
}
Event: 32.680 GC heap after
{Heap after GC invocations=13 (full 0):
 garbage-first heap   total 262144K, used 73399K [0x00000000e0000000, 0x0000000100000000)
  region size 1024K, 15 young (15360K), 15 survivors (15360K)
 Metaspace       used 65380K, committed 66048K, reserved 393216K
  class space    used 8909K, committed 9216K, reserved 327680K
}
Event: 37.057 GC heap before
{Heap before GC invocations=13 (full 0):
 garbage-first heap   total 262144K, used 200375K [0x00000000e0000000, 0x0000000100000000)
  region size 1024K, 140 young (143360K), 15 survivors (15360K)
 Metaspace       used 67248K, committed 67968K, reserved 393216K
  class space    used 9164K, committed 9472K, reserved 327680K
}
Event: 37.078 GC heap after
{Heap after GC invocations=14 (full 0):
 garbage-first heap   total 262144K, used 72361K [0x00000000e0000000, 0x0000000100000000)
  region size 1024K, 7 young (7168K), 7 survivors (7168K)
 Metaspace       used 67248K, committed 67968K, reserved 393216K
  class space    used 9164K, committed 9472K, reserved 327680K
}

